0 info it worked if it ends with ok
1 verbose cli [ '/usr/local/bin/node', '/usr/local/bin/npm', 'run', 'watch' ]
2 info using npm@3.10.9
3 info using node@v6.9.2
4 verbose run-script [ 'prewatch', 'watch', 'postwatch' ]
5 info lifecycle vanillajs@0.0.1~prewatch: vanillajs@0.0.1
6 silly lifecycle vanillajs@0.0.1~prewatch: no script for prewatch, continuing
7 info lifecycle vanillajs@0.0.1~watch: vanillajs@0.0.1
8 verbose lifecycle vanillajs@0.0.1~watch: unsafe-perm in lifecycle true
9 verbose lifecycle vanillajs@0.0.1~watch: PATH: /usr/local/lib/node_modules/npm/bin/node-gyp-bin:/Users/adobi/Documents/htdocs/virgo/vanillajs/node_modules/.bin:/usr/local/bin:/usr/bin:/bin:/usr/sbin:/sbin
10 verbose lifecycle vanillajs@0.0.1~watch: CWD: /Users/adobi/Documents/htdocs/virgo/vanillajs
11 silly lifecycle vanillajs@0.0.1~watch: Args: [ '-c', 'node_modules/.bin=webpack --watch' ]
12 info lifecycle vanillajs@0.0.1~watch: Failed to exec watch script
13 verbose stack Error: vanillajs@0.0.1 watch: `node_modules/.bin=webpack --watch`
13 verbose stack spawn ENOENT
13 verbose stack     at ChildProcess.<anonymous> (/usr/local/lib/node_modules/npm/lib/utils/spawn.js:33:16)
13 verbose stack     at emitTwo (events.js:106:13)
13 verbose stack     at ChildProcess.emit (events.js:191:7)
13 verbose stack     at maybeClose (internal/child_process.js:877:16)
13 verbose stack     at Process.ChildProcess._handle.onexit (internal/child_process.js:226:5)
14 verbose pkgid vanillajs@0.0.1
15 verbose cwd /Users/adobi/Documents/htdocs/virgo/vanillajs
16 error Darwin 16.5.0
17 error argv "/usr/local/bin/node" "/usr/local/bin/npm" "run" "watch"
18 error node v6.9.2
19 error npm  v3.10.9
20 error file sh
21 error code ELIFECYCLE
22 error errno ENOENT
23 error syscall spawn
24 error vanillajs@0.0.1 watch: `node_modules/.bin=webpack --watch`
24 error spawn ENOENT
25 error Failed at the vanillajs@0.0.1 watch script 'node_modules/.bin=webpack --watch'.
25 error Make sure you have the latest version of node.js and npm installed.
25 error If you do, this is most likely a problem with the vanillajs package,
25 error not with npm itself.
25 error Tell the author that this fails on your system:
25 error     node_modules/.bin=webpack --watch
25 error You can get information on how to open an issue for this project with:
25 error     npm bugs vanillajs
25 error Or if that isn't available, you can get their info via:
25 error     npm owner ls vanillajs
25 error There is likely additional logging output above.
26 verbose exit [ 1, true ]
